DEBUG | 2024-04-15 07:15:22 | [main] tests.UserTest (UserTest.java:34) - Debugging...............
INFO  | 2024-04-15 07:15:22 | [main] tests.UserTest (UserTest.java:39) - ************* Creating User *****************
INFO  | 2024-04-15 07:15:26 | [main] tests.UserTest (UserTest.java:45) - ************* User is Created *****************
INFO  | 2024-04-15 07:15:26 | [main] tests.UserTest (UserTest.java:50) - ************* Reading User Info *****************
INFO  | 2024-04-15 07:15:27 | [main] tests.UserTest (UserTest.java:56) - ************* User Info is Displayed *****************
INFO  | 2024-04-15 07:15:27 | [main] tests.UserTest (UserTest.java:61) - ************* Updating User *****************
INFO  | 2024-04-15 07:15:30 | [main] tests.UserTest (UserTest.java:76) - ************* User is Updated *****************
INFO  | 2024-04-15 07:15:30 | [main] tests.UserTest (UserTest.java:81) - ************* Deleting User *****************
INFO  | 2024-04-15 07:15:31 | [main] tests.UserTest (UserTest.java:86) - ************* User is Deleted *****************
DEBUG | 2024-04-15 07:21:09 | [main] tests.UserTest2 (UserTest2.java:34) - Debugging...............
INFO  | 2024-04-15 07:21:10 | [main] tests.UserTest2 (UserTest2.java:39) - ************* Creating User *****************
INFO  | 2024-04-15 07:21:14 | [main] tests.UserTest2 (UserTest2.java:45) - ************* User is Created *****************
INFO  | 2024-04-15 07:21:14 | [main] tests.UserTest2 (UserTest2.java:50) - ************* Reading User Info *****************
INFO  | 2024-04-15 07:21:15 | [main] tests.UserTest2 (UserTest2.java:56) - ************* User Info is Displayed *****************
INFO  | 2024-04-15 07:21:15 | [main] tests.UserTest2 (UserTest2.java:61) - ************* Updating User *****************
INFO  | 2024-04-15 07:21:17 | [main] tests.UserTest2 (UserTest2.java:76) - ************* User is Updated *****************
INFO  | 2024-04-15 07:21:17 | [main] tests.UserTest2 (UserTest2.java:81) - ************* Deleting User *****************
INFO  | 2024-04-15 07:21:18 | [main] tests.UserTest2 (UserTest2.java:86) - ************* User is Deleted *****************
DEBUG | 2024-04-15 07:29:41 | [main] tests.UserTest (UserTest.java:34) - Debugging...............
INFO  | 2024-04-15 07:29:42 | [main] tests.UserTest (UserTest.java:39) - ************* Creating User *****************
INFO  | 2024-04-15 07:29:46 | [main] tests.UserTest (UserTest.java:45) - ************* User is Created *****************
INFO  | 2024-04-15 07:29:46 | [main] tests.UserTest (UserTest.java:50) - ************* Reading User Info *****************
INFO  | 2024-04-15 07:29:47 | [main] tests.UserTest (UserTest.java:56) - ************* User Info is Displayed *****************
INFO  | 2024-04-15 07:29:47 | [main] tests.UserTest (UserTest.java:61) - ************* Updating User *****************
INFO  | 2024-04-15 07:29:48 | [main] tests.UserTest (UserTest.java:76) - ************* User is Updated *****************
INFO  | 2024-04-15 07:29:48 | [main] tests.UserTest (UserTest.java:81) - ************* Deleting User *****************
INFO  | 2024-04-15 07:29:49 | [main] tests.UserTest (UserTest.java:86) - ************* User is Deleted *****************
DEBUG | 2024-04-15 07:37:58 | [main] tests.UserTest2 (UserTest2.java:34) - Debugging...............
INFO  | 2024-04-15 07:37:58 | [main] tests.UserTest2 (UserTest2.java:39) - ************* Creating User *****************
INFO  | 2024-04-15 07:38:03 | [main] tests.UserTest2 (UserTest2.java:45) - ************* User is Created *****************
INFO  | 2024-04-15 07:38:03 | [main] tests.UserTest2 (UserTest2.java:50) - ************* Reading User Info *****************
INFO  | 2024-04-15 07:38:04 | [main] tests.UserTest2 (UserTest2.java:56) - ************* User Info is Displayed *****************
INFO  | 2024-04-15 07:38:04 | [main] tests.UserTest2 (UserTest2.java:61) - ************* Updating User *****************
INFO  | 2024-04-15 07:38:06 | [main] tests.UserTest2 (UserTest2.java:76) - ************* User is Updated *****************
INFO  | 2024-04-15 07:38:06 | [main] tests.UserTest2 (UserTest2.java:81) - ************* Deleting User *****************
INFO  | 2024-04-15 07:38:07 | [main] tests.UserTest2 (UserTest2.java:86) - ************* User is Deleted *****************
DEBUG | 2024-04-15 07:39:34 | [main] tests.UserTest (UserTest.java:34) - Debugging...............
INFO  | 2024-04-15 07:39:34 | [main] tests.UserTest (UserTest.java:39) - ************* Creating User *****************
INFO  | 2024-04-15 07:39:38 | [main] tests.UserTest (UserTest.java:45) - ************* User is Created *****************
INFO  | 2024-04-15 07:39:38 | [main] tests.UserTest (UserTest.java:50) - ************* Reading User Info *****************
INFO  | 2024-04-15 07:39:43 | [main] tests.UserTest (UserTest.java:56) - ************* User Info is Displayed *****************
INFO  | 2024-04-15 07:39:43 | [main] tests.UserTest (UserTest.java:61) - ************* Updating User *****************
INFO  | 2024-04-15 07:39:44 | [main] tests.UserTest (UserTest.java:76) - ************* User is Updated *****************
INFO  | 2024-04-15 07:39:44 | [main] tests.UserTest (UserTest.java:81) - ************* Deleting User *****************
INFO  | 2024-04-15 07:39:45 | [main] tests.UserTest (UserTest.java:86) - ************* User is Deleted *****************
DEBUG | 2024-04-15 07:41:48 | [main] tests.UserTest (UserTest.java:34) - Debugging...............
INFO  | 2024-04-15 07:41:48 | [main] tests.UserTest (UserTest.java:39) - ************* Creating User *****************
INFO  | 2024-04-15 07:41:52 | [main] tests.UserTest (UserTest.java:45) - ************* User is Created *****************
INFO  | 2024-04-15 07:41:52 | [main] tests.UserTest (UserTest.java:50) - ************* Reading User Info *****************
INFO  | 2024-04-15 07:41:55 | [main] tests.UserTest (UserTest.java:56) - ************* User Info is Displayed *****************
INFO  | 2024-04-15 07:41:55 | [main] tests.UserTest (UserTest.java:61) - ************* Updating User *****************
INFO  | 2024-04-15 07:41:57 | [main] tests.UserTest (UserTest.java:76) - ************* User is Updated *****************
INFO  | 2024-04-15 07:41:57 | [main] tests.UserTest (UserTest.java:81) - ************* Deleting User *****************
INFO  | 2024-04-15 07:41:58 | [main] tests.UserTest (UserTest.java:86) - ************* User is Deleted *****************
DEBUG | 2024-04-15 07:42:12 | [main] tests.UserTest (UserTest.java:34) - Debugging...............
INFO  | 2024-04-15 07:42:12 | [main] tests.UserTest (UserTest.java:39) - ************* Creating User *****************
INFO  | 2024-04-15 07:42:17 | [main] tests.UserTest (UserTest.java:45) - ************* User is Created *****************
INFO  | 2024-04-15 07:42:17 | [main] tests.UserTest (UserTest.java:50) - ************* Reading User Info *****************
INFO  | 2024-04-15 07:42:18 | [main] tests.UserTest (UserTest.java:56) - ************* User Info is Displayed *****************
INFO  | 2024-04-15 07:42:18 | [main] tests.UserTest (UserTest.java:61) - ************* Updating User *****************
INFO  | 2024-04-15 07:42:19 | [main] tests.UserTest (UserTest.java:76) - ************* User is Updated *****************
INFO  | 2024-04-15 07:42:19 | [main] tests.UserTest (UserTest.java:81) - ************* Deleting User *****************
INFO  | 2024-04-15 07:42:20 | [main] tests.UserTest (UserTest.java:86) - ************* User is Deleted *****************
DEBUG | 2024-04-15 07:43:09 | [main] tests.UserTest (UserTest.java:34) - Debugging...............
INFO  | 2024-04-15 07:43:09 | [main] tests.UserTest (UserTest.java:39) - ************* Creating User *****************
INFO  | 2024-04-15 07:43:13 | [main] tests.UserTest (UserTest.java:45) - ************* User is Created *****************
INFO  | 2024-04-15 07:43:13 | [main] tests.UserTest (UserTest.java:50) - ************* Reading User Info *****************
INFO  | 2024-04-15 07:43:14 | [main] tests.UserTest (UserTest.java:56) - ************* User Info is Displayed *****************
INFO  | 2024-04-15 07:43:14 | [main] tests.UserTest (UserTest.java:61) - ************* Updating User *****************
INFO  | 2024-04-15 07:43:15 | [main] tests.UserTest (UserTest.java:76) - ************* User is Updated *****************
INFO  | 2024-04-15 07:43:15 | [main] tests.UserTest (UserTest.java:81) - ************* Deleting User *****************
INFO  | 2024-04-15 07:43:16 | [main] tests.UserTest (UserTest.java:86) - ************* User is Deleted *****************
DEBUG | 2024-04-15 07:44:19 | [main] tests.UserTest (UserTest.java:34) - Debugging...............
INFO  | 2024-04-15 07:44:19 | [main] tests.UserTest (UserTest.java:39) - ************* Creating User *****************
INFO  | 2024-04-15 07:44:23 | [main] tests.UserTest (UserTest.java:45) - ************* User is Created *****************
INFO  | 2024-04-15 07:44:23 | [main] tests.UserTest (UserTest.java:50) - ************* Reading User Info *****************
INFO  | 2024-04-15 07:44:24 | [main] tests.UserTest (UserTest.java:56) - ************* User Info is Displayed *****************
INFO  | 2024-04-15 07:44:24 | [main] tests.UserTest (UserTest.java:61) - ************* Updating User *****************
INFO  | 2024-04-15 07:44:25 | [main] tests.UserTest (UserTest.java:76) - ************* User is Updated *****************
INFO  | 2024-04-15 07:44:25 | [main] tests.UserTest (UserTest.java:81) - ************* Deleting User *****************
INFO  | 2024-04-15 07:44:26 | [main] tests.UserTest (UserTest.java:86) - ************* User is Deleted *****************
DEBUG | 2024-04-15 07:54:51 | [main] tests.UserTest (UserTest.java:34) - Debugging...............
INFO  | 2024-04-15 07:54:51 | [main] tests.UserTest (UserTest.java:39) - ************* Creating User *****************
INFO  | 2024-04-15 07:54:55 | [main] tests.UserTest (UserTest.java:45) - ************* User is Created *****************
INFO  | 2024-04-15 07:54:55 | [main] tests.UserTest (UserTest.java:50) - ************* Reading User Info *****************
INFO  | 2024-04-15 07:54:56 | [main] tests.UserTest (UserTest.java:56) - ************* User Info is Displayed *****************
INFO  | 2024-04-15 07:54:56 | [main] tests.UserTest (UserTest.java:61) - ************* Updating User *****************
INFO  | 2024-04-15 07:54:58 | [main] tests.UserTest (UserTest.java:76) - ************* User is Updated *****************
INFO  | 2024-04-15 07:54:58 | [main] tests.UserTest (UserTest.java:81) - ************* Deleting User *****************
INFO  | 2024-04-15 07:54:58 | [main] tests.UserTest (UserTest.java:86) - ************* User is Deleted *****************
DEBUG | 2024-04-15 08:18:10 | [main] opc.PackageRelationshipCollection (PackageRelationshipCollection.java:309) - Parsing relationship: /xl/_rels/workbook.xml.rels
DEBUG | 2024-04-15 08:18:10 | [main] opc.PackageRelationshipCollection (PackageRelationshipCollection.java:309) - Parsing relationship: /xl/worksheets/_rels/sheet1.xml.rels
DEBUG | 2024-04-15 08:18:10 | [main] opc.PackageRelationshipCollection (PackageRelationshipCollection.java:309) - Parsing relationship: /_rels/.rels
DEBUG | 2024-04-15 08:18:12 | [main] opc.PackageRelationshipCollection (PackageRelationshipCollection.java:309) - Parsing relationship: /xl/_rels/workbook.xml.rels
DEBUG | 2024-04-15 08:18:12 | [main] opc.PackageRelationshipCollection (PackageRelationshipCollection.java:309) - Parsing relationship: /xl/worksheets/_rels/sheet1.xml.rels
DEBUG | 2024-04-15 08:18:12 | [main] opc.PackageRelationshipCollection (PackageRelationshipCollection.java:309) - Parsing relationship: /_rels/.rels
DEBUG | 2024-04-15 08:18:12 | [main] opc.PackageRelationshipCollection (PackageRelationshipCollection.java:309) - Parsing relationship: /xl/_rels/workbook.xml.rels
DEBUG | 2024-04-15 08:18:12 | [main] opc.PackageRelationshipCollection (PackageRelationshipCollection.java:309) - Parsing relationship: /xl/worksheets/_rels/sheet1.xml.rels
DEBUG | 2024-04-15 08:18:12 | [main] opc.PackageRelationshipCollection (PackageRelationshipCollection.java:309) - Parsing relationship: /_rels/.rels
DEBUG | 2024-04-15 08:18:12 | [main] opc.PackageRelationshipCollection (PackageRelationshipCollection.java:309) - Parsing relationship: /xl/_rels/workbook.xml.rels
DEBUG | 2024-04-15 08:18:12 | [main] opc.PackageRelationshipCollection (PackageRelationshipCollection.java:309) - Parsing relationship: /xl/worksheets/_rels/sheet1.xml.rels
DEBUG | 2024-04-15 08:18:12 | [main] opc.PackageRelationshipCollection (PackageRelationshipCollection.java:309) - Parsing relationship: /_rels/.rels
DEBUG | 2024-04-15 08:18:12 | [main] opc.PackageRelationshipCollection (PackageRelationshipCollection.java:309) - Parsing relationship: /xl/_rels/workbook.xml.rels
DEBUG | 2024-04-15 08:18:12 | [main] opc.PackageRelationshipCollection (PackageRelationshipCollection.java:309) - Parsing relationship: /xl/worksheets/_rels/sheet1.xml.rels
DEBUG | 2024-04-15 08:18:12 | [main] opc.PackageRelationshipCollection (PackageRelationshipCollection.java:309) - Parsing relationship: /_rels/.rels
DEBUG | 2024-04-15 08:18:12 | [main] opc.PackageRelationshipCollection (PackageRelationshipCollection.java:309) - Parsing relationship: /xl/_rels/workbook.xml.rels
DEBUG | 2024-04-15 08:18:12 | [main] opc.PackageRelationshipCollection (PackageRelationshipCollection.java:309) - Parsing relationship: /xl/worksheets/_rels/sheet1.xml.rels
DEBUG | 2024-04-15 08:18:12 | [main] opc.PackageRelationshipCollection (PackageRelationshipCollection.java:309) - Parsing relationship: /_rels/.rels
DEBUG | 2024-04-15 08:18:12 | [main] opc.PackageRelationshipCollection (PackageRelationshipCollection.java:309) - Parsing relationship: /xl/_rels/workbook.xml.rels
DEBUG | 2024-04-15 08:18:12 | [main] opc.PackageRelationshipCollection (PackageRelationshipCollection.java:309) - Parsing relationship: /xl/worksheets/_rels/sheet1.xml.rels
DEBUG | 2024-04-15 08:18:12 | [main] opc.PackageRelationshipCollection (PackageRelationshipCollection.java:309) - Parsing relationship: /_rels/.rels
DEBUG | 2024-04-15 08:18:12 | [main] opc.PackageRelationshipCollection (PackageRelationshipCollection.java:309) - Parsing relationship: /xl/_rels/workbook.xml.rels
DEBUG | 2024-04-15 08:18:12 | [main] opc.PackageRelationshipCollection (PackageRelationshipCollection.java:309) - Parsing relationship: /xl/worksheets/_rels/sheet1.xml.rels
DEBUG | 2024-04-15 08:18:12 | [main] opc.PackageRelationshipCollection (PackageRelationshipCollection.java:309) - Parsing relationship: /_rels/.rels
DEBUG | 2024-04-15 08:18:12 | [main] opc.PackageRelationshipCollection (PackageRelationshipCollection.java:309) - Parsing relationship: /xl/_rels/workbook.xml.rels
DEBUG | 2024-04-15 08:18:12 | [main] opc.PackageRelationshipCollection (PackageRelationshipCollection.java:309) - Parsing relationship: /xl/worksheets/_rels/sheet1.xml.rels
DEBUG | 2024-04-15 08:18:13 | [main] opc.PackageRelationshipCollection (PackageRelationshipCollection.java:309) - Parsing relationship: /_rels/.rels
DEBUG | 2024-04-15 08:18:13 | [main] opc.PackageRelationshipCollection (PackageRelationshipCollection.java:309) - Parsing relationship: /xl/_rels/workbook.xml.rels
DEBUG | 2024-04-15 08:18:13 | [main] opc.PackageRelationshipCollection (PackageRelationshipCollection.java:309) - Parsing relationship: /xl/worksheets/_rels/sheet1.xml.rels
DEBUG | 2024-04-15 08:18:13 | [main] opc.PackageRelationshipCollection (PackageRelationshipCollection.java:309) - Parsing relationship: /_rels/.rels
DEBUG | 2024-04-15 08:18:13 | [main] opc.PackageRelationshipCollection (PackageRelationshipCollection.java:309) - Parsing relationship: /xl/_rels/workbook.xml.rels
DEBUG | 2024-04-15 08:18:13 | [main] opc.PackageRelationshipCollection (PackageRelationshipCollection.java:309) - Parsing relationship: /xl/worksheets/_rels/sheet1.xml.rels
DEBUG | 2024-04-15 08:18:13 | [main] opc.PackageRelationshipCollection (PackageRelationshipCollection.java:309) - Parsing relationship: /_rels/.rels
DEBUG | 2024-04-15 08:18:13 | [main] opc.PackageRelationshipCollection (PackageRelationshipCollection.java:309) - Parsing relationship: /xl/_rels/workbook.xml.rels
DEBUG | 2024-04-15 08:18:13 | [main] opc.PackageRelationshipCollection (PackageRelationshipCollection.java:309) - Parsing relationship: /xl/worksheets/_rels/sheet1.xml.rels
DEBUG | 2024-04-15 08:18:13 | [main] opc.PackageRelationshipCollection (PackageRelationshipCollection.java:309) - Parsing relationship: /_rels/.rels
DEBUG | 2024-04-15 08:18:13 | [main] opc.PackageRelationshipCollection (PackageRelationshipCollection.java:309) - Parsing relationship: /xl/_rels/workbook.xml.rels
DEBUG | 2024-04-15 08:18:13 | [main] opc.PackageRelationshipCollection (PackageRelationshipCollection.java:309) - Parsing relationship: /xl/worksheets/_rels/sheet1.xml.rels
DEBUG | 2024-04-15 08:18:13 | [main] opc.PackageRelationshipCollection (PackageRelationshipCollection.java:309) - Parsing relationship: /_rels/.rels
DEBUG | 2024-04-15 08:18:13 | [main] opc.PackageRelationshipCollection (PackageRelationshipCollection.java:309) - Parsing relationship: /xl/_rels/workbook.xml.rels
DEBUG | 2024-04-15 08:18:13 | [main] opc.PackageRelationshipCollection (PackageRelationshipCollection.java:309) - Parsing relationship: /xl/worksheets/_rels/sheet1.xml.rels
DEBUG | 2024-04-15 08:18:13 | [main] opc.PackageRelationshipCollection (PackageRelationshipCollection.java:309) - Parsing relationship: /_rels/.rels
DEBUG | 2024-04-15 08:18:13 | [main] opc.PackageRelationshipCollection (PackageRelationshipCollection.java:309) - Parsing relationship: /xl/_rels/workbook.xml.rels
DEBUG | 2024-04-15 08:18:13 | [main] opc.PackageRelationshipCollection (PackageRelationshipCollection.java:309) - Parsing relationship: /xl/worksheets/_rels/sheet1.xml.rels
DEBUG | 2024-04-15 08:18:13 | [main] opc.PackageRelationshipCollection (PackageRelationshipCollection.java:309) - Parsing relationship: /_rels/.rels
DEBUG | 2024-04-15 08:18:13 | [main] opc.PackageRelationshipCollection (PackageRelationshipCollection.java:309) - Parsing relationship: /xl/_rels/workbook.xml.rels
DEBUG | 2024-04-15 08:18:13 | [main] opc.PackageRelationshipCollection (PackageRelationshipCollection.java:309) - Parsing relationship: /xl/worksheets/_rels/sheet1.xml.rels
DEBUG | 2024-04-15 08:18:13 | [main] opc.PackageRelationshipCollection (PackageRelationshipCollection.java:309) - Parsing relationship: /_rels/.rels
DEBUG | 2024-04-15 08:18:13 | [main] opc.PackageRelationshipCollection (PackageRelationshipCollection.java:309) - Parsing relationship: /xl/_rels/workbook.xml.rels
DEBUG | 2024-04-15 08:18:13 | [main] opc.PackageRelationshipCollection (PackageRelationshipCollection.java:309) - Parsing relationship: /xl/worksheets/_rels/sheet1.xml.rels
DEBUG | 2024-04-15 08:18:13 | [main] opc.PackageRelationshipCollection (PackageRelationshipCollection.java:309) - Parsing relationship: /_rels/.rels
DEBUG | 2024-04-15 08:18:13 | [main] opc.PackageRelationshipCollection (PackageRelationshipCollection.java:309) - Parsing relationship: /xl/_rels/workbook.xml.rels
DEBUG | 2024-04-15 08:18:13 | [main] opc.PackageRelationshipCollection (PackageRelationshipCollection.java:309) - Parsing relationship: /xl/worksheets/_rels/sheet1.xml.rels
DEBUG | 2024-04-15 08:18:13 | [main] opc.PackageRelationshipCollection (PackageRelationshipCollection.java:309) - Parsing relationship: /_rels/.rels
DEBUG | 2024-04-15 08:18:13 | [main] opc.PackageRelationshipCollection (PackageRelationshipCollection.java:309) - Parsing relationship: /xl/_rels/workbook.xml.rels
DEBUG | 2024-04-15 08:18:13 | [main] opc.PackageRelationshipCollection (PackageRelationshipCollection.java:309) - Parsing relationship: /xl/worksheets/_rels/sheet1.xml.rels
DEBUG | 2024-04-15 08:18:13 | [main] opc.PackageRelationshipCollection (PackageRelationshipCollection.java:309) - Parsing relationship: /_rels/.rels
DEBUG | 2024-04-15 08:18:13 | [main] opc.PackageRelationshipCollection (PackageRelationshipCollection.java:309) - Parsing relationship: /xl/_rels/workbook.xml.rels
DEBUG | 2024-04-15 08:18:13 | [main] opc.PackageRelationshipCollection (PackageRelationshipCollection.java:309) - Parsing relationship: /xl/worksheets/_rels/sheet1.xml.rels
DEBUG | 2024-04-15 08:18:13 | [main] opc.PackageRelationshipCollection (PackageRelationshipCollection.java:309) - Parsing relationship: /_rels/.rels
DEBUG | 2024-04-15 08:18:13 | [main] opc.PackageRelationshipCollection (PackageRelationshipCollection.java:309) - Parsing relationship: /xl/_rels/workbook.xml.rels
DEBUG | 2024-04-15 08:18:13 | [main] opc.PackageRelationshipCollection (PackageRelationshipCollection.java:309) - Parsing relationship: /xl/worksheets/_rels/sheet1.xml.rels
DEBUG | 2024-04-15 08:18:13 | [main] opc.PackageRelationshipCollection (PackageRelationshipCollection.java:309) - Parsing relationship: /_rels/.rels
DEBUG | 2024-04-15 08:18:13 | [main] opc.PackageRelationshipCollection (PackageRelationshipCollection.java:309) - Parsing relationship: /xl/_rels/workbook.xml.rels
DEBUG | 2024-04-15 08:18:13 | [main] opc.PackageRelationshipCollection (PackageRelationshipCollection.java:309) - Parsing relationship: /xl/worksheets/_rels/sheet1.xml.rels
DEBUG | 2024-04-15 08:18:13 | [main] opc.PackageRelationshipCollection (PackageRelationshipCollection.java:309) - Parsing relationship: /_rels/.rels
DEBUG | 2024-04-15 08:18:13 | [main] opc.PackageRelationshipCollection (PackageRelationshipCollection.java:309) - Parsing relationship: /xl/_rels/workbook.xml.rels
DEBUG | 2024-04-15 08:18:13 | [main] opc.PackageRelationshipCollection (PackageRelationshipCollection.java:309) - Parsing relationship: /xl/worksheets/_rels/sheet1.xml.rels
DEBUG | 2024-04-15 08:18:13 | [main] opc.PackageRelationshipCollection (PackageRelationshipCollection.java:309) - Parsing relationship: /_rels/.rels
DEBUG | 2024-04-15 08:18:21 | [main] opc.PackageRelationshipCollection (PackageRelationshipCollection.java:309) - Parsing relationship: /xl/_rels/workbook.xml.rels
DEBUG | 2024-04-15 08:18:21 | [main] opc.PackageRelationshipCollection (PackageRelationshipCollection.java:309) - Parsing relationship: /xl/worksheets/_rels/sheet1.xml.rels
DEBUG | 2024-04-15 08:18:21 | [main] opc.PackageRelationshipCollection (PackageRelationshipCollection.java:309) - Parsing relationship: /_rels/.rels
DEBUG | 2024-04-15 08:18:21 | [main] opc.PackageRelationshipCollection (PackageRelationshipCollection.java:309) - Parsing relationship: /xl/_rels/workbook.xml.rels
DEBUG | 2024-04-15 08:18:21 | [main] opc.PackageRelationshipCollection (PackageRelationshipCollection.java:309) - Parsing relationship: /xl/worksheets/_rels/sheet1.xml.rels
DEBUG | 2024-04-15 08:18:21 | [main] opc.PackageRelationshipCollection (PackageRelationshipCollection.java:309) - Parsing relationship: /_rels/.rels
DEBUG | 2024-04-15 08:18:21 | [main] opc.PackageRelationshipCollection (PackageRelationshipCollection.java:309) - Parsing relationship: /xl/_rels/workbook.xml.rels
DEBUG | 2024-04-15 08:18:21 | [main] opc.PackageRelationshipCollection (PackageRelationshipCollection.java:309) - Parsing relationship: /xl/worksheets/_rels/sheet1.xml.rels
DEBUG | 2024-04-15 08:18:21 | [main] opc.PackageRelationshipCollection (PackageRelationshipCollection.java:309) - Parsing relationship: /_rels/.rels
DEBUG | 2024-04-15 08:18:21 | [main] opc.PackageRelationshipCollection (PackageRelationshipCollection.java:309) - Parsing relationship: /xl/_rels/workbook.xml.rels
DEBUG | 2024-04-15 08:18:21 | [main] opc.PackageRelationshipCollection (PackageRelationshipCollection.java:309) - Parsing relationship: /xl/worksheets/_rels/sheet1.xml.rels
DEBUG | 2024-04-15 08:18:21 | [main] opc.PackageRelationshipCollection (PackageRelationshipCollection.java:309) - Parsing relationship: /_rels/.rels
DEBUG | 2024-04-15 08:20:28 | [main] opc.PackageRelationshipCollection (PackageRelationshipCollection.java:309) - Parsing relationship: /xl/_rels/workbook.xml.rels
DEBUG | 2024-04-15 08:20:28 | [main] opc.PackageRelationshipCollection (PackageRelationshipCollection.java:309) - Parsing relationship: /xl/worksheets/_rels/sheet1.xml.rels
DEBUG | 2024-04-15 08:20:28 | [main] opc.PackageRelationshipCollection (PackageRelationshipCollection.java:309) - Parsing relationship: /_rels/.rels
DEBUG | 2024-04-15 08:20:29 | [main] opc.PackageRelationshipCollection (PackageRelationshipCollection.java:309) - Parsing relationship: /xl/_rels/workbook.xml.rels
DEBUG | 2024-04-15 08:20:29 | [main] opc.PackageRelationshipCollection (PackageRelationshipCollection.java:309) - Parsing relationship: /xl/worksheets/_rels/sheet1.xml.rels
DEBUG | 2024-04-15 08:20:29 | [main] opc.PackageRelationshipCollection (PackageRelationshipCollection.java:309) - Parsing relationship: /_rels/.rels
DEBUG | 2024-04-15 08:20:29 | [main] opc.PackageRelationshipCollection (PackageRelationshipCollection.java:309) - Parsing relationship: /xl/_rels/workbook.xml.rels
DEBUG | 2024-04-15 08:20:29 | [main] opc.PackageRelationshipCollection (PackageRelationshipCollection.java:309) - Parsing relationship: /xl/worksheets/_rels/sheet1.xml.rels
DEBUG | 2024-04-15 08:20:29 | [main] opc.PackageRelationshipCollection (PackageRelationshipCollection.java:309) - Parsing relationship: /_rels/.rels
DEBUG | 2024-04-15 08:20:29 | [main] opc.PackageRelationshipCollection (PackageRelationshipCollection.java:309) - Parsing relationship: /xl/_rels/workbook.xml.rels
DEBUG | 2024-04-15 08:20:29 | [main] opc.PackageRelationshipCollection (PackageRelationshipCollection.java:309) - Parsing relationship: /xl/worksheets/_rels/sheet1.xml.rels
DEBUG | 2024-04-15 08:20:29 | [main] opc.PackageRelationshipCollection (PackageRelationshipCollection.java:309) - Parsing relationship: /_rels/.rels
DEBUG | 2024-04-15 08:20:29 | [main] opc.PackageRelationshipCollection (PackageRelationshipCollection.java:309) - Parsing relationship: /xl/_rels/workbook.xml.rels
DEBUG | 2024-04-15 08:20:29 | [main] opc.PackageRelationshipCollection (PackageRelationshipCollection.java:309) - Parsing relationship: /xl/worksheets/_rels/sheet1.xml.rels
DEBUG | 2024-04-15 08:20:29 | [main] opc.PackageRelationshipCollection (PackageRelationshipCollection.java:309) - Parsing relationship: /_rels/.rels
DEBUG | 2024-04-15 08:20:30 | [main] opc.PackageRelationshipCollection (PackageRelationshipCollection.java:309) - Parsing relationship: /xl/_rels/workbook.xml.rels
DEBUG | 2024-04-15 08:20:30 | [main] opc.PackageRelationshipCollection (PackageRelationshipCollection.java:309) - Parsing relationship: /xl/worksheets/_rels/sheet1.xml.rels
DEBUG | 2024-04-15 08:20:30 | [main] opc.PackageRelationshipCollection (PackageRelationshipCollection.java:309) - Parsing relationship: /_rels/.rels
DEBUG | 2024-04-15 08:20:30 | [main] opc.PackageRelationshipCollection (PackageRelationshipCollection.java:309) - Parsing relationship: /xl/_rels/workbook.xml.rels
DEBUG | 2024-04-15 08:20:30 | [main] opc.PackageRelationshipCollection (PackageRelationshipCollection.java:309) - Parsing relationship: /xl/worksheets/_rels/sheet1.xml.rels
DEBUG | 2024-04-15 08:20:30 | [main] opc.PackageRelationshipCollection (PackageRelationshipCollection.java:309) - Parsing relationship: /_rels/.rels
DEBUG | 2024-04-15 08:20:30 | [main] opc.PackageRelationshipCollection (PackageRelationshipCollection.java:309) - Parsing relationship: /xl/_rels/workbook.xml.rels
DEBUG | 2024-04-15 08:20:30 | [main] opc.PackageRelationshipCollection (PackageRelationshipCollection.java:309) - Parsing relationship: /xl/worksheets/_rels/sheet1.xml.rels
DEBUG | 2024-04-15 08:20:30 | [main] opc.PackageRelationshipCollection (PackageRelationshipCollection.java:309) - Parsing relationship: /_rels/.rels
DEBUG | 2024-04-15 08:20:30 | [main] opc.PackageRelationshipCollection (PackageRelationshipCollection.java:309) - Parsing relationship: /xl/_rels/workbook.xml.rels
DEBUG | 2024-04-15 08:20:30 | [main] opc.PackageRelationshipCollection (PackageRelationshipCollection.java:309) - Parsing relationship: /xl/worksheets/_rels/sheet1.xml.rels
DEBUG | 2024-04-15 08:20:30 | [main] opc.PackageRelationshipCollection (PackageRelationshipCollection.java:309) - Parsing relationship: /_rels/.rels
DEBUG | 2024-04-15 08:20:30 | [main] opc.PackageRelationshipCollection (PackageRelationshipCollection.java:309) - Parsing relationship: /xl/_rels/workbook.xml.rels
DEBUG | 2024-04-15 08:20:30 | [main] opc.PackageRelationshipCollection (PackageRelationshipCollection.java:309) - Parsing relationship: /xl/worksheets/_rels/sheet1.xml.rels
DEBUG | 2024-04-15 08:20:30 | [main] opc.PackageRelationshipCollection (PackageRelationshipCollection.java:309) - Parsing relationship: /_rels/.rels
DEBUG | 2024-04-15 08:20:30 | [main] opc.PackageRelationshipCollection (PackageRelationshipCollection.java:309) - Parsing relationship: /xl/_rels/workbook.xml.rels
DEBUG | 2024-04-15 08:20:30 | [main] opc.PackageRelationshipCollection (PackageRelationshipCollection.java:309) - Parsing relationship: /xl/worksheets/_rels/sheet1.xml.rels
DEBUG | 2024-04-15 08:20:30 | [main] opc.PackageRelationshipCollection (PackageRelationshipCollection.java:309) - Parsing relationship: /_rels/.rels
DEBUG | 2024-04-15 08:20:30 | [main] opc.PackageRelationshipCollection (PackageRelationshipCollection.java:309) - Parsing relationship: /xl/_rels/workbook.xml.rels
DEBUG | 2024-04-15 08:20:30 | [main] opc.PackageRelationshipCollection (PackageRelationshipCollection.java:309) - Parsing relationship: /xl/worksheets/_rels/sheet1.xml.rels
DEBUG | 2024-04-15 08:20:30 | [main] opc.PackageRelationshipCollection (PackageRelationshipCollection.java:309) - Parsing relationship: /_rels/.rels
DEBUG | 2024-04-15 08:20:30 | [main] opc.PackageRelationshipCollection (PackageRelationshipCollection.java:309) - Parsing relationship: /xl/_rels/workbook.xml.rels
DEBUG | 2024-04-15 08:20:30 | [main] opc.PackageRelationshipCollection (PackageRelationshipCollection.java:309) - Parsing relationship: /xl/worksheets/_rels/sheet1.xml.rels
DEBUG | 2024-04-15 08:20:30 | [main] opc.PackageRelationshipCollection (PackageRelationshipCollection.java:309) - Parsing relationship: /_rels/.rels
DEBUG | 2024-04-15 08:20:31 | [main] opc.PackageRelationshipCollection (PackageRelationshipCollection.java:309) - Parsing relationship: /xl/_rels/workbook.xml.rels
DEBUG | 2024-04-15 08:20:31 | [main] opc.PackageRelationshipCollection (PackageRelationshipCollection.java:309) - Parsing relationship: /xl/worksheets/_rels/sheet1.xml.rels
DEBUG | 2024-04-15 08:20:31 | [main] opc.PackageRelationshipCollection (PackageRelationshipCollection.java:309) - Parsing relationship: /_rels/.rels
DEBUG | 2024-04-15 08:20:31 | [main] opc.PackageRelationshipCollection (PackageRelationshipCollection.java:309) - Parsing relationship: /xl/_rels/workbook.xml.rels
DEBUG | 2024-04-15 08:20:31 | [main] opc.PackageRelationshipCollection (PackageRelationshipCollection.java:309) - Parsing relationship: /xl/worksheets/_rels/sheet1.xml.rels
DEBUG | 2024-04-15 08:20:31 | [main] opc.PackageRelationshipCollection (PackageRelationshipCollection.java:309) - Parsing relationship: /_rels/.rels
DEBUG | 2024-04-15 08:20:31 | [main] opc.PackageRelationshipCollection (PackageRelationshipCollection.java:309) - Parsing relationship: /xl/_rels/workbook.xml.rels
DEBUG | 2024-04-15 08:20:31 | [main] opc.PackageRelationshipCollection (PackageRelationshipCollection.java:309) - Parsing relationship: /xl/worksheets/_rels/sheet1.xml.rels
DEBUG | 2024-04-15 08:20:31 | [main] opc.PackageRelationshipCollection (PackageRelationshipCollection.java:309) - Parsing relationship: /_rels/.rels
DEBUG | 2024-04-15 08:20:31 | [main] opc.PackageRelationshipCollection (PackageRelationshipCollection.java:309) - Parsing relationship: /xl/_rels/workbook.xml.rels
DEBUG | 2024-04-15 08:20:31 | [main] opc.PackageRelationshipCollection (PackageRelationshipCollection.java:309) - Parsing relationship: /xl/worksheets/_rels/sheet1.xml.rels
DEBUG | 2024-04-15 08:20:31 | [main] opc.PackageRelationshipCollection (PackageRelationshipCollection.java:309) - Parsing relationship: /_rels/.rels
DEBUG | 2024-04-15 08:20:31 | [main] opc.PackageRelationshipCollection (PackageRelationshipCollection.java:309) - Parsing relationship: /xl/_rels/workbook.xml.rels
DEBUG | 2024-04-15 08:20:31 | [main] opc.PackageRelationshipCollection (PackageRelationshipCollection.java:309) - Parsing relationship: /xl/worksheets/_rels/sheet1.xml.rels
DEBUG | 2024-04-15 08:20:31 | [main] opc.PackageRelationshipCollection (PackageRelationshipCollection.java:309) - Parsing relationship: /_rels/.rels
DEBUG | 2024-04-15 08:20:31 | [main] opc.PackageRelationshipCollection (PackageRelationshipCollection.java:309) - Parsing relationship: /xl/_rels/workbook.xml.rels
DEBUG | 2024-04-15 08:20:31 | [main] opc.PackageRelationshipCollection (PackageRelationshipCollection.java:309) - Parsing relationship: /xl/worksheets/_rels/sheet1.xml.rels
DEBUG | 2024-04-15 08:20:31 | [main] opc.PackageRelationshipCollection (PackageRelationshipCollection.java:309) - Parsing relationship: /_rels/.rels
DEBUG | 2024-04-15 08:20:31 | [main] opc.PackageRelationshipCollection (PackageRelationshipCollection.java:309) - Parsing relationship: /xl/_rels/workbook.xml.rels
DEBUG | 2024-04-15 08:20:31 | [main] opc.PackageRelationshipCollection (PackageRelationshipCollection.java:309) - Parsing relationship: /xl/worksheets/_rels/sheet1.xml.rels
DEBUG | 2024-04-15 08:20:31 | [main] opc.PackageRelationshipCollection (PackageRelationshipCollection.java:309) - Parsing relationship: /_rels/.rels
DEBUG | 2024-04-15 08:20:31 | [main] opc.PackageRelationshipCollection (PackageRelationshipCollection.java:309) - Parsing relationship: /xl/_rels/workbook.xml.rels
DEBUG | 2024-04-15 08:20:31 | [main] opc.PackageRelationshipCollection (PackageRelationshipCollection.java:309) - Parsing relationship: /xl/worksheets/_rels/sheet1.xml.rels
DEBUG | 2024-04-15 08:20:31 | [main] opc.PackageRelationshipCollection (PackageRelationshipCollection.java:309) - Parsing relationship: /_rels/.rels
DEBUG | 2024-04-15 08:20:31 | [main] opc.PackageRelationshipCollection (PackageRelationshipCollection.java:309) - Parsing relationship: /xl/_rels/workbook.xml.rels
DEBUG | 2024-04-15 08:20:31 | [main] opc.PackageRelationshipCollection (PackageRelationshipCollection.java:309) - Parsing relationship: /xl/worksheets/_rels/sheet1.xml.rels
DEBUG | 2024-04-15 08:20:31 | [main] opc.PackageRelationshipCollection (PackageRelationshipCollection.java:309) - Parsing relationship: /_rels/.rels
DEBUG | 2024-04-15 08:20:31 | [main] opc.PackageRelationshipCollection (PackageRelationshipCollection.java:309) - Parsing relationship: /xl/_rels/workbook.xml.rels
DEBUG | 2024-04-15 08:20:31 | [main] opc.PackageRelationshipCollection (PackageRelationshipCollection.java:309) - Parsing relationship: /xl/worksheets/_rels/sheet1.xml.rels
DEBUG | 2024-04-15 08:20:31 | [main] opc.PackageRelationshipCollection (PackageRelationshipCollection.java:309) - Parsing relationship: /_rels/.rels
DEBUG | 2024-04-15 08:20:38 | [main] opc.PackageRelationshipCollection (PackageRelationshipCollection.java:309) - Parsing relationship: /xl/_rels/workbook.xml.rels
DEBUG | 2024-04-15 08:20:38 | [main] opc.PackageRelationshipCollection (PackageRelationshipCollection.java:309) - Parsing relationship: /xl/worksheets/_rels/sheet1.xml.rels
DEBUG | 2024-04-15 08:20:38 | [main] opc.PackageRelationshipCollection (PackageRelationshipCollection.java:309) - Parsing relationship: /_rels/.rels
DEBUG | 2024-04-15 08:20:38 | [main] opc.PackageRelationshipCollection (PackageRelationshipCollection.java:309) - Parsing relationship: /xl/_rels/workbook.xml.rels
DEBUG | 2024-04-15 08:20:38 | [main] opc.PackageRelationshipCollection (PackageRelationshipCollection.java:309) - Parsing relationship: /xl/worksheets/_rels/sheet1.xml.rels
DEBUG | 2024-04-15 08:20:38 | [main] opc.PackageRelationshipCollection (PackageRelationshipCollection.java:309) - Parsing relationship: /_rels/.rels
DEBUG | 2024-04-15 08:20:38 | [main] opc.PackageRelationshipCollection (PackageRelationshipCollection.java:309) - Parsing relationship: /xl/_rels/workbook.xml.rels
DEBUG | 2024-04-15 08:20:38 | [main] opc.PackageRelationshipCollection (PackageRelationshipCollection.java:309) - Parsing relationship: /xl/worksheets/_rels/sheet1.xml.rels
DEBUG | 2024-04-15 08:20:38 | [main] opc.PackageRelationshipCollection (PackageRelationshipCollection.java:309) - Parsing relationship: /_rels/.rels
DEBUG | 2024-04-15 08:20:38 | [main] opc.PackageRelationshipCollection (PackageRelationshipCollection.java:309) - Parsing relationship: /xl/_rels/workbook.xml.rels
DEBUG | 2024-04-15 08:20:38 | [main] opc.PackageRelationshipCollection (PackageRelationshipCollection.java:309) - Parsing relationship: /xl/worksheets/_rels/sheet1.xml.rels
DEBUG | 2024-04-15 08:20:38 | [main] opc.PackageRelationshipCollection (PackageRelationshipCollection.java:309) - Parsing relationship: /_rels/.rels
